<?xml version="1.0" encoding="UTF-8"?>
<testsuite xmlns:xsi="http://www.w3.org/2001/XMLSchema-instance" xsi:noNamespaceSchemaLocation="https://maven.apache.org/surefire/maven-surefire-plugin/xsd/surefire-test-report.xsd" name="ssvv.example.AppTest" time="0.142" tests="7" errors="0" skipped="0" failures="0">
  <properties>
[...]
</properties>
  <testcase name="testInvalidStudentEmail_empty" classname="ssvv.example.AppTest" time="0.045"/>
  <testcase name="testInvalidStudentName_empty" classname="ssvv.example.AppTest" time="0.001"/>
  <testcase name="testInvalidStudentGroup" classname="ssvv.example.AppTest" time="0.002"/>
  <testcase name="testInvalidStudentId" classname="ssvv.example.AppTest" time="0.002"/>
  <testcase name="testInvalidStudentEmail_null" classname="ssvv.example.AppTest" time="0.001"/>
  <testcase name="testValidAddStudent" classname="ssvv.example.AppTest" time="0.069"/>
  <testcase name="testInvalidStudentName_null" classname="ssvv.example.AppTest" time="0.003"/>
</testsuite>